{"numTotalTestSuites":6,"numPassedTestSuites":6,"numFailedTestSuites":0,"numPendingTestSuites":0,"numTotalTests":12,"numPassedTests":12,"numFailedTests":0,"numPendingTests":0,"numTodoTests":0,"snapshot":{"added":0,"failure":false,"filesAdded":0,"filesRemoved":0,"filesRemovedList":[],"filesUnmatched":0,"filesUpdated":0,"matched":0,"total":0,"unchecked":0,"uncheckedKeysByFile":[],"unmatched":0,"updated":0,"didUpdate":false},"startTime":1785739796042,"success":true,"testResults":[{"assertionResults":[{"ancestorTitles":["Stage 4 feature frontend"],"fullName":"Stage 4 feature frontend renders all Stage 4 area cards and the recognized feature table","status":"passed","title":"renders all Stage 4 area cards and the recognized feature table","duration":862.6149090000004,"failureMessages":[],"meta":{}},{"ancestorTitles":["Stage 4 feature frontend"],"fullName":"Stage 4 feature frontend confirms a review-required feature and refreshes the combined area","status":"passed","title":"confirms a review-required feature and refreshes the combined area","duration":623.6576399999999,"failureMessages":[],"meta":{}},{"ancestorTitles":["Stage 4 feature frontend"],"fullName":"Stage 4 feature frontend updates per-job feature rules from the rules panel","status":"passed","title":"updates per-job feature rules from the rules panel","duration":382.95308899999964,"failureMessages":[],"meta":{}},{"ancestorTitles":["Stage 4 feature frontend"],"fullName":"Stage 4 feature frontend creates a manual feature from selected face rows","status":"passed","title":"creates a manual feature from selected face rows","duration":425.2268560000002,"failureMessages":[],"meta":{}}],"startTime":1785739799040,"endTime":1785739801334.2268,"status":"passed","message":"","name":"/workspace/scratch/28999e3ac01a/stage7_ci_fix3_work/PROFiGYM_calculator_v2.0.3_STAGE7_CI_FIXED3/tests/frontend/CadFeaturesPanel.test.tsx"},{"assertionResults":[{"ancestorTitles":["CadUploadPanel"],"fullName":"CadUploadPanel allows only STEP in the file picker and states the supported formats","status":"passed","title":"allows only STEP in the file picker and states the supported formats","duration":65.19614600000023,"failureMessages":[],"meta":{}},{"ancestorTitles":["CadUploadPanel"],"fullName":"CadUploadPanel shows processing status, area and diagnostics","status":"passed","title":"shows processing status, area and diagnostics","duration":768.8353110000003,"failureMessages":[],"meta":{}},{"ancestorTitles":["CadUploadPanel"],"fullName":"CadUploadPanel confirms and resets a review-required contact without re-uploading STEP","status":"passed","title":"confirms and resets a review-required contact without re-uploading STEP","duration":729.2086470000004,"failureMessages":[],"meta":{}},{"ancestorTitles":["CadUploadPanel"],"fullName":"CadUploadPanel shows client validation errors","status":"passed","title":"shows client validation errors","duration":8.89882200000011,"failureMessages":[],"meta":{}},{"ancestorTitles":["CadUploadPanel"],"fullName":"CadUploadPanel shows API errors","status":"passed","title":"shows API errors","duration":17.68132500000047,"failureMessages":[],"meta":{}}],"startTime":1785739799040,"endTime":1785739800629.6814,"status":"passed","message":"","name":"/workspace/scratch/28999e3ac01a/stage7_ci_fix3_work/PROFiGYM_calculator_v2.0.3_STAGE7_CI_FIXED3/tests/frontend/CadUploadPanel.test.tsx"},{"assertionResults":[{"ancestorTitles":["Stage 5 workflow frontend"],"fullName":"Stage 5 workflow frontend renders accessible legend categories and WebGL fallback without hiding data","status":"passed","title":"renders accessible legend categories and WebGL fallback without hiding data","duration":218.25980900000013,"failureMessages":[],"meta":{}},{"ancestorTitles":["Stage 5 workflow frontend"],"fullName":"Stage 5 workflow frontend imports CAD area into paint calculator and marks a subsequent manual override","status":"passed","title":"imports CAD area into paint calculator and marks a subsequent manual override","duration":58.58607700000039,"failureMessages":[],"meta":{}},{"ancestorTitles":["Stage 5 workflow frontend"],"fullName":"Stage 5 workflow frontend shows safe empty state for persisted calculations","status":"passed","title":"shows safe empty state for persisted calculations","duration":33.3902549999998,"failureMessages":[],"meta":{}}],"startTime":1785739799100,"endTime":1785739799410.3901,"status":"passed","message":"","name":"/workspace/scratch/28999e3ac01a/stage7_ci_fix3_work/PROFiGYM_calculator_v2.0.3_STAGE7_CI_FIXED3/tests/frontend/Stage5Workflow.test.tsx"}]}