{"numTotalTestSuites":10,"numPassedTestSuites":10,"numFailedTestSuites":0,"numPendingTestSuites":0,"numTotalTests":25,"numPassedTests":25,"numFailedTests":0,"numPendingTests":0,"numTodoTests":0,"snapshot":{"added":0,"failure":false,"filesAdded":0,"filesRemoved":0,"filesRemovedList":[],"filesUnmatched":0,"filesUpdated":0,"matched":0,"total":0,"unchecked":0,"uncheckedKeysByFile":[],"unmatched":0,"updated":0,"didUpdate":false},"startTime":1785848904898,"success":true,"testResults":[{"assertionResults":[{"ancestorTitles":["Stage 4 feature frontend"],"fullName":"Stage 4 feature frontend renders all Stage 4 area cards and the recognized feature table","status":"passed","title":"renders all Stage 4 area cards and the recognized feature table","duration":437.54279799999995,"failureMessages":[],"meta":{}},{"ancestorTitles":["Stage 4 feature frontend"],"fullName":"Stage 4 feature frontend confirms a review-required feature and refreshes the combined area","status":"passed","title":"confirms a review-required feature and refreshes the combined area","duration":465.87790900000005,"failureMessages":[],"meta":{}},{"ancestorTitles":["Stage 4 feature frontend"],"fullName":"Stage 4 feature frontend updates per-job feature rules from the rules panel","status":"passed","title":"updates per-job feature rules from the rules panel","duration":314.7472050000001,"failureMessages":[],"meta":{}},{"ancestorTitles":["Stage 4 feature frontend"],"fullName":"Stage 4 feature frontend creates a manual feature from selected face rows","status":"passed","title":"creates a manual feature from selected face rows","duration":325.7528599999998,"failureMessages":[],"meta":{}}],"startTime":1785848905652,"endTime":1785848907195.753,"status":"passed","message":"","name":"/workspace/scratch/28999e3ac01a/stage8_work/PROFiGYM_calculator_v2.0.11_STAGE7_SAVED_RESULTS_DETAILS_COLLAPSED/tests/frontend/CadFeaturesPanel.test.tsx"},{"assertionResults":[{"ancestorTitles":["CadUploadPanel"],"fullName":"CadUploadPanel allows only STEP in the file picker and states the supported formats","status":"passed","title":"allows only STEP in the file picker and states the supported formats","duration":30.528411000000006,"failureMessages":[],"meta":{}},{"ancestorTitles":["CadUploadPanel"],"fullName":"CadUploadPanel shows processing status, area and diagnostics","status":"passed","title":"shows processing status, area and diagnostics","duration":415.96120300000007,"failureMessages":[],"meta":{}},{"ancestorTitles":["CadUploadPanel"],"fullName":"CadUploadPanel confirms and resets a review-required contact without re-uploading STEP","status":"passed","title":"confirms and resets a review-required contact without re-uploading STEP","duration":532.546456,"failureMessages":[],"meta":{}},{"ancestorTitles":["CadUploadPanel"],"fullName":"CadUploadPanel shows client validation errors","status":"passed","title":"shows client validation errors","duration":5.701477999999952,"failureMessages":[],"meta":{}},{"ancestorTitles":["CadUploadPanel"],"fullName":"CadUploadPanel shows API errors","status":"passed","title":"shows API errors","duration":8.746298000000024,"failureMessages":[],"meta":{}}],"startTime":1785848905652,"endTime":1785848906645.7463,"status":"passed","message":"","name":"/workspace/scratch/28999e3ac01a/stage8_work/PROFiGYM_calculator_v2.0.11_STAGE7_SAVED_RESULTS_DETAILS_COLLAPSED/tests/frontend/CadUploadPanel.test.tsx"},{"assertionResults":[{"ancestorTitles":["CalculatorPage startup"],"fullName":"CalculatorPage startup renders the manual-norm calculator immediately without startup requests","status":"passed","title":"renders the manual-norm calculator immediately without startup requests","duration":36.81691799999999,"failureMessages":[],"meta":{}},{"ancestorTitles":["CalculatorPage startup"],"fullName":"CalculatorPage startup keeps CAD and saved calculations available through navigation","status":"passed","title":"keeps CAD and saved calculations available through navigation","duration":78.00140599999997,"failureMessages":[],"meta":{}}],"startTime":1785848905711,"endTime":1785848905826.0015,"status":"passed","message":"","name":"/workspace/scratch/28999e3ac01a/stage8_work/PROFiGYM_calculator_v2.0.11_STAGE7_SAVED_RESULTS_DETAILS_COLLAPSED/tests/frontend/CalculatorPageStartup.test.tsx"},{"assertionResults":[{"ancestorTitles":["Stage 5 workflow frontend"],"fullName":"Stage 5 workflow frontend renders accessible legend categories and WebGL fallback without hiding data","status":"passed","title":"renders accessible legend categories and WebGL fallback without hiding data","duration":86.76426000000004,"failureMessages":[],"meta":{}},{"ancestorTitles":["Stage 5 workflow frontend"],"fullName":"Stage 5 workflow frontend imports CAD area into paint calculator and marks a subsequent manual override","status":"passed","title":"imports CAD area into paint calculator and marks a subsequent manual override","duration":28.034266000000002,"failureMessages":[],"meta":{}},{"ancestorTitles":["Stage 5 workflow frontend"],"fullName":"Stage 5 workflow frontend calculates from manual area, fractional manual norm and loss factor, displays, clears and recalculates","status":"passed","title":"calculates from manual area, fractional manual norm and loss factor, displays, clears and recalculates","duration":44.04199200000005,"failureMessages":[],"meta":{}},{"ancestorTitles":["Stage 5 workflow frontend"],"fullName":"Stage 5 workflow frontend uses the paintable CAD area with a manual norm without requiring the norm for CAD itself","status":"passed","title":"uses the paintable CAD area with a manual norm without requiring the norm for CAD itself","duration":28.40223100000003,"failureMessages":[],"meta":{}},{"ancestorTitles":["Stage 5 workflow frontend"],"fullName":"Stage 5 workflow frontend rejects empty, non-positive and non-finite manual norms with understandable messages","status":"passed","title":"rejects empty, non-positive and non-finite manual norms with understandable messages","duration":34.09748400000001,"failureMessages":[],"meta":{}},{"ancestorTitles":["Stage 5 workflow frontend"],"fullName":"Stage 5 workflow frontend shows safe empty state for persisted calculations","status":"passed","title":"shows safe empty state for persisted calculations","duration":14.16066000000012,"failureMessages":[],"meta":{}}],"startTime":1785848905712,"endTime":1785848905948.1606,"status":"passed","message":"","name":"/workspace/scratch/28999e3ac01a/stage8_work/PROFiGYM_calculator_v2.0.11_STAGE7_SAVED_RESULTS_DETAILS_COLLAPSED/tests/frontend/Stage5Workflow.test.tsx"},{"assertionResults":[{"ancestorTitles":["legacy material IndexedDB cleanup"],"fullName":"legacy material IndexedDB cleanup deletes the exact legacy database, stores the marker and skips later runs","status":"passed","title":"deletes the exact legacy database, stores the marker and skips later runs","duration":4.162928000000079,"failureMessages":[],"meta":{}},{"ancestorTitles":["legacy material IndexedDB cleanup"],"fullName":"legacy material IndexedDB cleanup treats an absent database as a successful deletion","status":"passed","title":"treats an absent database as a successful deletion","duration":0.46377700000005007,"failureMessages":[],"meta":{}},{"ancestorTitles":["legacy material IndexedDB cleanup"],"fullName":"legacy material IndexedDB cleanup handles blocked deletion without writing the marker and permits retry","status":"passed","title":"handles blocked deletion without writing the marker and permits retry","duration":0.5229249999999865,"failureMessages":[],"meta":{}},{"ancestorTitles":["legacy material IndexedDB cleanup"],"fullName":"legacy material IndexedDB cleanup handles deletion errors without writing the marker","status":"passed","title":"handles deletion errors without writing the marker","duration":0.34569299999998293,"failureMessages":[],"meta":{}},{"ancestorTitles":["legacy material IndexedDB cleanup"],"fullName":"legacy material IndexedDB cleanup does not throw when IndexedDB is unavailable","status":"passed","title":"does not throw when IndexedDB is unavailable","duration":0.2702710000000934,"failureMessages":[],"meta":{}},{"ancestorTitles":["legacy material IndexedDB cleanup"],"fullName":"legacy material IndexedDB cleanup does not start deletion when localStorage is unavailable","status":"passed","title":"does not start deletion when localStorage is unavailable","duration":0.5242170000000215,"failureMessages":[],"meta":{}},{"ancestorTitles":["legacy material IndexedDB cleanup"],"fullName":"legacy material IndexedDB cleanup handles a marker write failure without an unhandled rejection","status":"passed","title":"handles a marker write failure without an unhandled rejection","duration":0.38676299999997354,"failureMessages":[],"meta":{}},{"ancestorTitles":["legacy material IndexedDB cleanup"],"fullName":"legacy material IndexedDB cleanup does not clear storage, delete other databases or call CAD APIs","status":"passed","title":"does not clear storage, delete other databases or call CAD APIs","duration":0.6099140000000034,"failureMessages":[],"meta":{}}],"startTime":1785848905521,"endTime":1785848905528.6099,"status":"passed","message":"","name":"/workspace/scratch/28999e3ac01a/stage8_work/PROFiGYM_calculator_v2.0.11_STAGE7_SAVED_RESULTS_DETAILS_COLLAPSED/tests/frontend/cleanupMaterialDatabase.test.tsx"}]}